16:52:56 (03/04) Begin
16:52:56 (03/04) called as: ./remote.sh -d -v make
16:52:56 (03/04) making developer version files ... 
16:52:56 (03/04) Environment:
16:52:56 (03/04) git_sha:        '293fb84293ed9b40d8456f8014d1b87d8a6f666e'
16:52:56 (03/04) build_date:     '2017-04-03 16:52'
16:52:56 (03/04) TARGETHOST:     'root@fastnetmon2.deic.dk'
16:52:56 (03/04) UPLOADDIR:      '/opt/i2dps/src/'
16:52:56 (03/04) EXCLUDE_FILE:   'rsync_exclude.txt'
16:52:56 (03/04) TMPDIR:         '/var/folders/2d/n362xj9148lg_rrsgy61wsjr0008qx/T/'
16:52:56 (03/04) RRSYNC:         '/usr/bin/rsync'
16:52:56 (03/04) LRSYNC:         '/usr/bin/rsync'
16:52:56 (03/04) RSYNC_ARGS:     '-avzH --exclude-from=rsync_exclude.txt'
16:52:56 (03/04) SSH_ARGS:       '-Tq -o LogLevel=error'
16:52:56 (03/04) SSH:            '/usr/bin/ssh'
16:52:56 (03/04) SRCDIR:         '.'
16:52:56 (03/04) PROJDIR:        '../../DDPS-fastetmon'
16:52:56 (03/04) MYDIR:          '/Users/uninth/ownsky/src/github/DDPS-fastetmon/src'
16:52:56 (03/04) rsync files to root@fastnetmon2.deic.dk ... 
16:52:56 (03/04) command: /usr/bin/rsync -avzH --exclude-from=rsync_exclude.txt --rsync-path /usr/bin/rsync /Users/uninth/ownsky/src/github/DDPS-fastetmon/src/ root@fastnetmon2.deic.dk:/opt/i2dps/src//
16:52:56 (03/04) building file list ... done
16:52:56 (03/04) ./
16:52:56 (03/04) .source_info
16:52:56 (03/04) .version
16:52:56 (03/04) fnm2db.pl
16:52:56 (03/04) version.c
16:52:56 (03/04) version.h
16:52:56 (03/04) version.pm

16:52:56 (03/04) sent 1499 bytes  received 344 bytes  3686.00 bytes/sec
16:52:56 (03/04) total size is 2355699  speedup is 1278.19
16:52:57 (03/04) exec 'make  ' on root@fastnetmon2.deic.dk ... 

16:52:57 (03/04) The programs included with the Debian GNU/Linux system are free software;
16:52:57 (03/04) the exact distribution terms for each program are described in the
16:52:57 (03/04) individual files in /usr/share/doc/*/copyright.

16:52:57 (03/04) Debian GNU/Linux comes with ABSOLUTELY NO WARRANTY, to the extent
16:52:57 (03/04) permitted by applicable law.
16:52:57 (03/04) /opt/i2dps/src
16:52:57 (03/04) stdin: is not a tty
16:52:57 (03/04) version:       1.0-8
16:52:57 (03/04) build date:    2017-04-03 16:52
16:52:57 (03/04) build_git_sha: 293fb84293ed9b40d8456f8014d1b87d8a6f666e
16:52:57 (03/04) inicfg:        /opt/i2dps/etc/fnm2db.ini
16:52:57 (03/04) This version only handles IPv4 by design
16:52:57 (03/04) done
